SF:lib/cubit/checkout_state.dart
DA:8,3
DA:14,2
DA:15,2
DA:22,1
DA:23,1
DA:24,1
DA:25,1
DA:26,1
LF:8
LH:8
end_of_record
SF:lib/cubit/checkout_cubit.dart
DA:14,3
DA:16,1
DA:19,1
DA:21,1
DA:23,2
DA:30,1
DA:32,1
DA:34,2
DA:35,5
DA:38,1
DA:41,2
DA:42,0
DA:46,2
DA:47,1
DA:48,5
DA:51,2
DA:53,3
DA:54,3
DA:55,1
DA:56,2
DA:58,1
DA:68,2
DA:70,3
DA:71,3
DA:72,1
DA:73,2
DA:75,1
DA:85,1
DA:86,2
DA:89,1
DA:98,0
DA:103,0
DA:106,0
DA:107,0
DA:110,0
DA:111,0
DA:112,0
DA:113,0
DA:116,0
DA:118,0
DA:121,0
DA:124,0
DA:125,0
DA:128,0
DA:135,0
DA:136,0
DA:138,0
DA:144,0
DA:145,0
DA:150,1
DA:151,2
DA:154,1
DA:155,1
DA:156,3
LF:54
LH:34
end_of_record
SF:lib/model/selected_product.dart
DA:10,2
DA:17,1
DA:18,5
LF:3
LH:3
end_of_record
SF:lib/repository/supermarket_repository.dart
DA:14,1
DA:20,1
DA:22,1
DA:26,0
DA:29,0
DA:30,0
DA:34,0
DA:39,0
DA:42,0
DA:43,0
DA:47,0
DA:48,0
DA:53,0
DA:57,0
DA:58,0
DA:62,0
DA:63,0
LF:17
LH:3
end_of_record
SF:lib/utils/extensions.dart
DA:6,1
DA:7,2
DA:8,2
DA:9,4
DA:16,1
DA:18,2
DA:20,3
DA:22,3
DA:24,4
DA:25,1
DA:28,0
DA:36,0
DA:43,0
DA:47,0
DA:48,0
DA:50,0
DA:51,0
DA:52,0
DA:59,1
DA:60,1
LF:20
LH:12
end_of_record
SF:lib/repository/api/supermarket_api_client.dart
DA:9,0
DA:17,0
DA:20,0
DA:21,0
DA:23,0
DA:24,0
DA:25,0
DA:28,0
DA:29,0
DA:39,0
DA:41,0
DA:42,0
DA:43,0
DA:45,0
DA:46,0
DA:48,0
DA:49,0
DA:59,0
DA:61,0
DA:63,0
DA:65,0
DA:66,0
DA:68,0
DA:69,0
DA:73,0
DA:75,0
DA:76,0
DA:77,0
DA:78,0
DA:79,0
DA:81,0
DA:86,0
DA:87,0
DA:88,0
DA:89,0
DA:90,0
LF:36
LH:0
end_of_record
SF:lib/repository/errors/supermarket_exception.dart
DA:7,0
DA:15,1
DA:19,0
DA:20,0
DA:27,1
DA:31,0
DA:32,0
LF:7
LH:2
end_of_record
SF:lib/repository/models/product/product.dart
DA:15,5
DA:21,1
DA:22,4
DA:24,0
DA:25,0
DA:27,0
LF:6
LH:3
end_of_record
SF:lib/repository/models/product/product.g.dart
DA:9,0
DA:10,0
DA:11,0
DA:12,0
DA:15,0
DA:16,0
DA:17,0
DA:18,0
LF:8
LH:0
end_of_record
SF:lib/repository/models/supermarket_info_response.dart
DA:14,2
DA:19,0
DA:20,0
DA:21,0
DA:22,0
DA:25,0
DA:26,0
DA:28,0
LF:8
LH:1
end_of_record
SF:lib/repository/models/supermarket_info_response.g.dart
DA:9,0
DA:11,0
DA:12,0
DA:13,0
DA:14,0
DA:16,0
DA:19,0
DA:21,0
DA:22,0
DA:23,0
LF:10
LH:0
end_of_record
SF:lib/repository/models/special_price/buy_n_get_free_promotion.dart
DA:13,2
DA:18,0
DA:19,0
DA:21,0
DA:22,0
DA:24,0
LF:6
LH:1
end_of_record
SF:lib/repository/models/special_price/buy_n_get_free_promotion.g.dart
DA:9,0
DA:11,0
DA:12,0
DA:13,0
DA:16,0
DA:18,0
DA:19,0
DA:20,0
LF:8
LH:0
end_of_record
SF:lib/repository/models/special_price/meal_deal_promotion.dart
DA:13,2
DA:18,0
DA:19,0
DA:20,0
DA:21,0
DA:24,0
DA:25,0
DA:27,0
LF:8
LH:1
end_of_record
SF:lib/repository/models/special_price/meal_deal_promotion.g.dart
DA:9,0
DA:10,0
DA:11,0
DA:12,0
DA:13,0
DA:14,0
DA:17,0
DA:18,0
DA:19,0
DA:20,0
LF:10
LH:0
end_of_record
SF:lib/repository/models/special_price/multi_priced_promotion.dart
DA:15,2
DA:21,0
DA:22,0
DA:23,0
DA:25,0
DA:26,0
LF:6
LH:1
end_of_record
SF:lib/repository/models/special_price/multi_priced_promotion.g.dart
DA:9,0
DA:11,0
DA:12,0
DA:13,0
DA:14,0
DA:17,0
DA:19,0
DA:20,0
DA:21,0
DA:22,0
LF:10
LH:0
end_of_record
SF:lib/repository/models/special_price/special_prices.dart
DA:18,3
DA:24,0
DA:25,0
DA:26,0
DA:27,0
DA:28,0
DA:31,0
DA:32,0
DA:34,0
LF:9
LH:1
end_of_record
SF:lib/repository/models/special_price/special_prices.g.dart
DA:9,0
DA:10,0
DA:11,0
DA:12,0
DA:13,0
DA:14,0
DA:15,0
DA:16,0
DA:17,0
DA:18,0
DA:19,0
DA:22,0
DA:23,0
DA:24,0
DA:25,0
DA:26,0
LF:16
LH:0
end_of_record
SF:lib/bloc/supermarket_event.dart
DA:4,5
DA:8,3
DA:10,1
DA:11,1
DA:16,2
DA:20,1
DA:21,2
DA:26,2
DA:30,1
DA:31,2
DA:35,3
DA:37,1
DA:38,1
LF:13
LH:13
end_of_record
SF:lib/bloc/supermarket_bloc.dart
DA:16,1
DA:21,1
DA:25,2
DA:26,2
DA:27,2
DA:28,2
DA:37,1
DA:38,1
DA:40,1
DA:42,3
DA:45,2
DA:47,2
DA:48,2
DA:50,3
DA:52,1
DA:55,3
DA:57,1
DA:64,1
DA:66,3
DA:67,2
DA:69,3
DA:71,3
DA:77,1
DA:79,3
DA:82,2
DA:83,1
DA:84,1
DA:86,2
DA:90,1
DA:93,2
DA:94,1
DA:97,3
DA:98,3
DA:104,1
DA:106,2
DA:109,2
DA:110,2
DA:112,2
DA:114,1
DA:117,3
DA:119,1
DA:122,3
DA:124,1
DA:128,1
DA:130,1
DA:131,1
DA:134,1
LF:47
LH:47
end_of_record
SF:lib/bloc/supermarket_state.dart
DA:16,6
DA:23,1
DA:25,5
DA:27,1
DA:33,1
DA:34,1
DA:35,1
DA:36,1
DA:37,1
LF:9
LH:9
end_of_record
SF:lib/view/home_page.dart
DA:8,1
DA:10,1
DA:12,1
DA:13,1
DA:14,3
DA:20,1
DA:21,0
DA:22,0
DA:27,0
DA:30,1
DA:31,0
DA:32,0
DA:33,0
DA:34,0
DA:36,0
DA:38,0
DA:42,1
DA:43,1
DA:44,1
DA:48,1
DA:49,1
DA:50,1
DA:51,1
DA:52,1
DA:55,1
DA:57,1
DA:58,1
DA:60,1
DA:62,1
DA:64,1
DA:65,3
DA:67,1
DA:72,1
DA:75,1
DA:77,1
DA:78,1
DA:79,1
DA:81,1
DA:82,1
DA:88,1
DA:89,2
DA:91,2
DA:99,1
DA:100,1
DA:102,1
DA:103,1
DA:104,1
DA:105,1
DA:109,1
DA:111,0
DA:126,1
DA:133,2
DA:135,1
DA:139,1
DA:140,1
DA:142,1
DA:143,1
DA:150,1
DA:151,1
DA:153,0
DA:154,0
DA:156,0
DA:157,0
DA:160,1
DA:162,0
DA:163,0
DA:174,1
DA:176,1
DA:177,1
DA:178,1
DA:180,3
DA:189,1
DA:191,1
DA:192,1
DA:193,1
DA:195,2
DA:196,1
DA:197,1
LF:78
LH:62
end_of_record
SF:lib/view/widgets/checkout_button_widget.dart
DA:5,1
DA:7,1
DA:9,1
DA:11,1
DA:12,2
LF:5
LH:5
end_of_record
SF:lib/view/widgets/product_item.dart
DA:9,0
DA:17,0
DA:19,0
DA:21,0
DA:22,0
DA:23,0
DA:25,0
DA:26,0
DA:27,0
DA:31,0
DA:34,0
LF:11
LH:0
end_of_record
SF:lib/view/widgets/products_list.dart
DA:10,1
DA:12,1
DA:14,1
DA:15,1
DA:17,2
DA:24,0
DA:25,0
DA:26,0
DA:27,0
DA:28,0
DA:32,0
DA:33,0
DA:34,0
LF:13
LH:5
end_of_record
SF:lib/view/widgets/promotions_disclaimer_widget.dart
DA:4,1
DA:6,1
LF:2
LH:2
end_of_record
SF:lib/view/widgets/selected_product_widget.dart
DA:6,0
DA:17,0
DA:20,0
DA:21,0
DA:22,0
DA:23,0
DA:24,0
DA:25,0
DA:26,0
DA:28,0
DA:29,0
DA:31,0
DA:32,0
DA:39,0
DA:46,0
DA:48,0
DA:50,0
DA:51,0
DA:53,0
DA:69,0
DA:71,0
DA:73,0
DA:75,0
DA:80,0
DA:81,0
DA:83,0
DA:88,0
DA:96,0
DA:97,0
DA:99,0
DA:100,0
DA:102,0
DA:104,0
DA:106,0
DA:107,0
DA:109,0
DA:110,0
DA:119,0
DA:121,0
DA:123,0
DA:125,0
LF:41
LH:0
end_of_record
SF:lib/view/widgets/selected_products_list.dart
DA:11,1
DA:14,0
DA:16,0
DA:17,0
DA:20,0
DA:21,0
DA:22,0
DA:23,0
DA:25,0
DA:26,0
DA:27,0
DA:28,0
DA:29,0
LF:13
LH:1
end_of_record
SF:lib/view/widgets/supermarket_primary_button.dart
DA:6,1
DA:12,1
DA:14,1
DA:17,1
DA:18,0
DA:19,0
DA:21,1
DA:25,1
DA:26,1
DA:29,1
DA:31,1
DA:32,1
DA:33,1
LF:13
LH:11
end_of_record
